2017-03-13 21:03:59:637 - info: ::1 - - [03/13/2017:21:25:59 +0800] "GET / http/1.1" 200 40 1022 "undefined" "Mozilla/5.0 (Windows NT 6.1; WOW64) AppleWebKit/537.36 (KHTML, like Gecko) Chrome/55.0.2883.87 Safari/537.36"
2017-03-13 21:03:59:643 - info: ::1 - - [03/13/2017:21:25:59 +0800] "GET /v1/dist/css/app.css http/1.1" 200 2 536 "http://localhost:3000/" "Mozilla/5.0 (Windows NT 6.1; WOW64) AppleWebKit/537.36 (KHTML, like Gecko) Chrome/55.0.2883.87 Safari/537.36"
2017-03-13 21:03:59:644 - info: ::1 - - [03/13/2017:21:25:59 +0800] "GET /reload/reload.js http/1.1" 200 2 3687 "http://localhost:3000/" "Mozilla/5.0 (Windows NT 6.1; WOW64) AppleWebKit/537.36 (KHTML, like Gecko) Chrome/55.0.2883.87 Safari/537.36"
2017-03-13 21:03:59:645 - info: ::1 - - [03/13/2017:21:25:59 +0800] "GET /v1/dist/scripts/index.bundle.js http/1.1" 200 2 1453404 "http://localhost:3000/" "Mozilla/5.0 (Windows NT 6.1; WOW64) AppleWebKit/537.36 (KHTML, like Gecko) Chrome/55.0.2883.87 Safari/537.36"
2017-03-13 21:03:59:855 - info: ::1 - - [03/13/2017:21:25:59 +0800] "GET /__webpack_hmr http/1.1" 200 27 0 "http://localhost:3000/" "Mozilla/5.0 (Windows NT 6.1; WOW64) AppleWebKit/537.36 (KHTML, like Gecko) Chrome/55.0.2883.87 Safari/537.36"
2017-03-13 21:03:31:023 - info: ::1 - - [03/13/2017:21:27:30 +0800] "GET / http/1.1" 200 36 1022 "undefined" "Mozilla/5.0 (Windows NT 6.1; WOW64) AppleWebKit/537.36 (KHTML, like Gecko) Chrome/55.0.2883.87 Safari/537.36"
2017-03-13 21:03:31:034 - info: ::1 - - [03/13/2017:21:27:31 +0800] "GET /v1/dist/css/app.css http/1.1" 200 1 536 "http://localhost:3000/" "Mozilla/5.0 (Windows NT 6.1; WOW64) AppleWebKit/537.36 (KHTML, like Gecko) Chrome/55.0.2883.87 Safari/537.36"
2017-03-13 21:03:31:037 - info: ::1 - - [03/13/2017:21:27:31 +0800] "GET /reload/reload.js http/1.1" 200 2 3687 "http://localhost:3000/" "Mozilla/5.0 (Windows NT 6.1; WOW64) AppleWebKit/537.36 (KHTML, like Gecko) Chrome/55.0.2883.87 Safari/537.36"
2017-03-13 21:03:31:039 - info: ::1 - - [03/13/2017:21:27:31 +0800] "GET /v1/dist/scripts/index.bundle.js http/1.1" 200 4 1453404 "http://localhost:3000/" "Mozilla/5.0 (Windows NT 6.1; WOW64) AppleWebKit/537.36 (KHTML, like Gecko) Chrome/55.0.2883.87 Safari/537.36"
2017-03-13 21:03:31:328 - info: ::1 - - [03/13/2017:21:27:31 +0800] "GET /__webpack_hmr http/1.1" 200 28 0 "http://localhost:3000/" "Mozilla/5.0 (Windows NT 6.1; WOW64) AppleWebKit/537.36 (KHTML, like Gecko) Chrome/55.0.2883.87 Safari/537.36"
2017-03-13 21:03:27:603 - info: ::1 - - [03/13/2017:21:28:27 +0800] "GET / http/1.1" 200 34 1022 "undefined" "Mozilla/5.0 (Windows NT 6.1; WOW64) AppleWebKit/537.36 (KHTML, like Gecko) Chrome/55.0.2883.87 Safari/537.36"
2017-03-13 21:03:27:609 - info: ::1 - - [03/13/2017:21:28:27 +0800] "GET /v1/dist/css/app.css http/1.1" 200 1 536 "http://localhost:3000/" "Mozilla/5.0 (Windows NT 6.1; WOW64) AppleWebKit/537.36 (KHTML, like Gecko) Chrome/55.0.2883.87 Safari/537.36"
2017-03-13 21:03:27:684 - info: ::1 - - [03/13/2017:21:28:27 +0800] "GET /reload/reload.js http/1.1" 200 74 3687 "http://localhost:3000/" "Mozilla/5.0 (Windows NT 6.1; WOW64) AppleWebKit/537.36 (KHTML, like Gecko) Chrome/55.0.2883.87 Safari/537.36"
2017-03-13 21:03:27:686 - info: ::1 - - [03/13/2017:21:28:27 +0800] "GET /v1/dist/scripts/index.bundle.js http/1.1" 200 76 1453404 "http://localhost:3000/" "Mozilla/5.0 (Windows NT 6.1; WOW64) AppleWebKit/537.36 (KHTML, like Gecko) Chrome/55.0.2883.87 Safari/537.36"
2017-03-13 21:03:27:913 - info: ::1 - - [03/13/2017:21:28:27 +0800] "GET /__webpack_hmr http/1.1" 200 25 0 "http://localhost:3000/" "Mozilla/5.0 (Windows NT 6.1; WOW64) AppleWebKit/537.36 (KHTML, like Gecko) Chrome/55.0.2883.87 Safari/537.36"
2017-03-13 21:03:12:056 - info: ::1 - - [03/13/2017:21:30:12 +0800] "GET / http/1.1" 200 23 1022 "undefined" "Mozilla/5.0 (Windows NT 6.1; WOW64) AppleWebKit/537.36 (KHTML, like Gecko) Chrome/55.0.2883.87 Safari/537.36"
2017-03-13 21:03:12:084 - info: ::1 - - [03/13/2017:21:30:12 +0800] "GET /v1/dist/css/app.css http/1.1" 200 1 536 "http://localhost:3000/" "Mozilla/5.0 (Windows NT 6.1; WOW64) AppleWebKit/537.36 (KHTML, like Gecko) Chrome/55.0.2883.87 Safari/537.36"
2017-03-13 21:03:12:088 - info: ::1 - - [03/13/2017:21:30:12 +0800] "GET /reload/reload.js http/1.1" 200 3 3687 "http://localhost:3000/" "Mozilla/5.0 (Windows NT 6.1; WOW64) AppleWebKit/537.36 (KHTML, like Gecko) Chrome/55.0.2883.87 Safari/537.36"
2017-03-13 21:03:12:089 - info: ::1 - - [03/13/2017:21:30:12 +0800] "GET /v1/dist/scripts/index.bundle.js http/1.1" 200 2 1453404 "http://localhost:3000/" "Mozilla/5.0 (Windows NT 6.1; WOW64) AppleWebKit/537.36 (KHTML, like Gecko) Chrome/55.0.2883.87 Safari/537.36"
2017-03-13 21:03:12:324 - info: ::1 - - [03/13/2017:21:30:12 +0800] "GET /__webpack_hmr http/1.1" 200 27 0 "http://localhost:3000/" "Mozilla/5.0 (Windows NT 6.1; WOW64) AppleWebKit/537.36 (KHTML, like Gecko) Chrome/55.0.2883.87 Safari/537.36"
2017-03-13 21:03:12:324 - info: ::1 - - [03/13/2017:21:30:12 +0800] "GET /__webpack_hmr http/1.1" 200 27 0 "http://localhost:3000/" "Mozilla/5.0 (Windows NT 6.1; WOW64) AppleWebKit/537.36 (KHTML, like Gecko) Chrome/55.0.2883.87 Safari/537.36"
2017-03-13 21:03:12:324 - info: ::1 - - [03/13/2017:21:30:12 +0800] "GET /__webpack_hmr http/1.1" 200 27 0 "http://localhost:3000/" "Mozilla/5.0 (Windows NT 6.1; WOW64) AppleWebKit/537.36 (KHTML, like Gecko) Chrome/55.0.2883.87 Safari/537.36"
2017-03-13 21:03:12:324 - info: ::1 - - [03/13/2017:21:30:12 +0800]
2017-03-13 21:03:12:324 - info: ::1 - - [03/13/2017:21:30:12 +0800] "GET /__webpack_hmr http/1.1" 200 27 0 "http://localhost:3000/"
2017-03-13 21:03:12:324 - info: ::1 - - [03/13/2017:21:30:12 +0800] "GET /__webpack_hmr http/1.1" 200 27 0 "http://localhost:3000/"
2017-03-13 21:03:12:324 - info: ::1 - - [03/13/2017:21:30:12 +0800] "GET /__webpack_hmr http/1.1" 200 27 0 "http://localhost:3000/" "Mozilla/5.0 (Windows NT 6.1; WOW64) AppleWebKit/537.36 (KHTML, like Gecko) Chrome/55.0.2883.87 Safari/537.36"
2017-03-13 21:03:12:324 - info: ::1 - - [03/13/2017:21:30:12 +0800] "GET /__webpack_hmr http/1.1" 200 27 0 "http://localhost:3000/" "Mozilla/5.0 (Windows NT 6.1; WOW64) AppleWebKit/537.36 (KHTML, like Gecko) Chrome/55.0.2883.87 Safari/537.36"
2017-03-13 21:03:12:324 - info: ::1 - - [03/13/2017:21:30:12 +0800] "GET /__webpack_hmr http/1.1" 200 27 0 "http://localhost:3000/" "Mozilla/5.0 (Windows NT 6.1; WOW64) AppleWebKit/537.36 (KHTML, like Gecko) Chrome/55.0.2883.87 Safari/537.36"
2017-03-13 21:03:12:324 - info: ::1 - - [03/13/2017:21:30:12 +0800] "GET /__webpack_hmr http/1.1" 200 27 0 "http://localhost:3000/" "Mozilla/5.0 (Windows NT 6.1; WOW64) AppleWebKit/537.36 (KHTML, like Gecko) Chrome/55.0.2883.87 Safari/537.36"
2017-03-13 21:03:12:324 - info: ::1 - - [03/13/2017:21:30:12 +0800] "GET /__webpack_hmr http/1.1" 200 27 0 "http://localhost:3000/" "Mozilla/5.0 (Windows NT 6.1; WOW64) AppleWebKit/537.36 (KHTML, like Gecko) Chrome/55.0.2883.87 Safari/537.36"
2017-03-13 21:03:12:324 - info: ::1 - - [03/13/2017:21:30:12 +0800] "GET /__webpack_hmr http/1.1" 200 27 0 "http://localhost:3000/" "Mozilla/5.0 (Windows NT 6.1; WOW64) AppleWebKit/537.36 (KHTML, like Gecko) Chrome/55.0.2883.87 Safari/537.36"
2017-03-13 21:03:12:324 - info: ::1 - - [03/13/2017:21:30:12 +0800] "GET /__webpack_hmr http/1.1" 200 27 0 "http://localhost:3000/" "Mozilla/5.0 (Windows NT 6.1; WOW64) AppleWebKit/537.36 (KHTML, like Gecko) Chrome/55.0.2883.87 Safari/537.36"
2017-03-13 21:03:12:324 - info: ::1 - - [03/13/2017:21:30:12 +0800] "GET /__webpack_hmr http/1.1" 200 27 0 "http://localhost:3000/" "Mozilla/5.0 (Windows NT 6.1; WOW64) AppleWebKit/537.36 (KHTML, like Gecko) Chrome/55.0.2883.87 Safari/537.36"
2017-03-13 21:03:12:324 - info: ::1 - - [03/13/2017:21:30:12 +0800] "GET /__webpack_hmr http/1.1" 200 27 0 "http://localhost:3000/" "Mozilla/5.0 (Windows NT 6.1; WOW64) AppleWebKit/537.36 (KHTML, like Gecko) Chrome/55.0.2883.87 Safari/537.36"
